
[Settings] Initialized with UserDefaults
[MenuBarManager] Skipping save (Initialized: false, Restoring: false)
[MenuBarManager] Skipping save (Initialized: false, Restoring: false)
[MenuBarManager] Skipping save (Initialized: false, Restoring: false)
[MenuBarManager] Skipping save (Initialized: false, Restoring: false)
[MenuBarManager] Skipping save (Initialized: false, Restoring: false)
[MenuBarManager] Devices loaded, initializing settings...
[MenuBarManager] Loading settings...
[Settings] Loading settings from UserDefaults
[Settings] Loaded settings:
  - Input Device ID: 87
  - Output Device ID: 119
  - Active Preset ID: B0B9E376-0755-4796-A069-5E8D1EE5CC62
  - Convolution Enabled: true
  - Auto Start: true
[MenuBarManager] Restoring input: BlackHole 2ch
[MenuBarManager] Restoring output: External Headphones
[MenuBarManager] Restoring preset: AppleSpatialAudio++(Side-Fix)
[Convolution] Init: BlockSize=512, HRIR=14398, Partitions=29
[Convolution] Partition 0 real sum: 0.67126226
[Convolution] Partition[0] FFT energy: 34.650517
[Convolution] Partition[1] FFT energy: 2.322902
[Convolution] Partition[2] FFT energy: 5.280531
[Convolution] Init: BlockSize=512, HRIR=14398, Partitions=29
[Convolution] Partition 0 real sum: 0.68800753
[Convolution] Partition[0] FFT energy: 10.048139
[Convolution] Partition[1] FFT energy: 2.445464
[Convolution] Partition[2] FFT energy: 4.972506
[Convolution] Init: BlockSize=512, HRIR=14398, Partitions=29
[Convolution] Partition 0 real sum: 0.66470486
[Convolution] Partition[0] FFT energy: 10.985287
[Convolution] Partition[1] FFT energy: 2.577383
[Convolution] Partition[2] FFT energy: 4.970951
[Convolution] Init: BlockSize=512, HRIR=14398, Partitions=29
[Convolution] Partition 0 real sum: 0.68276596
[Convolution] Partition[0] FFT energy: 32.114616
[Convolution] Partition[1] FFT energy: 2.286523
[Convolution] Partition[2] FFT energy: 5.102893
[MenuBarManager] Restoring convolution: true
[Settings] Loading settings from UserDefaults
[Settings] Loaded settings:
  - Input Device ID: 87
  - Output Device ID: 119
  - Active Preset ID: B0B9E376-0755-4796-A069-5E8D1EE5CC62
  - Convolution Enabled: true
  - Auto Start: true
[AudioGraph] Input device: BlackHole 2ch, Channels: 2, Sample Rate: 48000.0
[MenuBarManager] Skipping save (Initialized: true, Restoring: true)
[MenuBarManager] Skipping save (Initialized: true, Restoring: true)
[MenuBarManager] Skipping save (Initialized: true, Restoring: true)
[MenuBarManager] Restoration complete, saves now enabled
[MenuBarManager] Saving settings...
[Settings] Saving settings to UserDefaults:
  - Input Device ID: 87
  - Output Device ID: 119
  - Active Preset ID: B0B9E376-0755-4796-A069-5E8D1EE5CC62
  - Convolution Enabled: true
  - Auto Start: true
[Convolution] Processed partitioned block. Partitions: 29
[Convolution] Processed partitioned block. Partitions: 29
[Convolution] Processed partitioned block. Partitions: 29
[Convolution] Processed partitioned block. Partitions: 29
[Settings] Successfully saved and synchronized to UserDefaults
[MenuBarManager] Saving settings...
[Settings] Saving settings to UserDefaults:
  - Input Device ID: 87
  - Output Device ID: 119
  - Active Preset ID: B0B9E376-0755-4796-A069-5E8D1EE5CC62
  - Convolution Enabled: true
  - Auto Start: true
[Settings] Successfully saved and synchronized to UserDefaults
[MenuBarManager] Saving settings...
[Settings] Saving settings to UserDefaults:
  - Input Device ID: 87
  - Output Device ID: 119
  - Active Preset ID: B0B9E376-0755-4796-A069-5E8D1EE5CC62
  - Convolution Enabled: true
  - Auto Start: true
[Settings] Successfully saved and synchronized to UserDefaults
[Convolution] Processed partitioned block. Partitions: 29
[Convolution] Processed partitioned block. Partitions: 29
[Convolution] Processed partitioned block. Partitions: 29
[Convolution] Processed partitioned block. Partitions: 29